<?xml version="1.0" encoding="UTF-8"?>
<!-- Generated by org.testng.reporters.JUnitReportReporter -->
<testsuite hostname="LAPTOP-TKAGNUNV" failures="0" tests="4" name="testngexample.DataProviderTest" time="0.007" errors="0" timestamp="2022-09-28T10:58:46 IST" skipped="0">
  <testcase classname="testngexample.DataProviderTest" name="testMethodTwo" time="0.001"/>
  <system-out/>
  <testcase classname="testngexample.DataProviderTest" name="testMethodOne" time="0.004"/>
  <system-out/>
  <testcase classname="testngexample.DataProviderTest" name="testMethodTwo" time="0.001"/>
  <system-out/>
  <testcase classname="testngexample.DataProviderTest" name="testMethodOne" time="0.001"/>
  <system-out/>
</testsuite> <!-- testngexample.DataProviderTest -->
