<?xml version="1.0" encoding="UTF-8"?>
<!-- Generated by org.testng.reporters.JUnitReportReporter -->
<testsuite hostname="LAPTOP-TKAGNUNV" failures="0" tests="1" name="NewTest" time="0.003" errors="0" timestamp="2022-09-27T14:04:14 IST" skipped="0">
  <testcase classname="NewTest" name="f" time="0.003"/>
</testsuite> <!-- NewTest -->
