<?xml version="1.0" encoding="UTF-8"?>
<!-- Generated by org.testng.reporters.JUnitReportReporter -->
<testsuite hostname="LAPTOP-TKAGNUNV" failures="0" tests="1" name="com.example.FirstSeleniumTest" time="22.195" errors="0" timestamp="2022-09-27T14:16:36 IST" skipped="0">
  <testcase classname="com.example.FirstSeleniumTest" name="f" time="22.195"/>
</testsuite> <!-- com.example.FirstSeleniumTest -->
