<?xml version="1.0" encoding="UTF-8"?>
<!-- Generated by org.testng.reporters.JUnitReportReporter -->
<testsuite hostname="LAPTOP-TKAGNUNV" failures="0" tests="2" name="testngexample.TestDetails1" time="0.001" errors="0" timestamp="2022-09-28T10:56:13 IST" skipped="0">
  <testcase classname="testngexample.TestDetails1" name="testmethod1" time="0.000"/>
  <system-out/>
  <testcase classname="testngexample.TestDetails1" name="testmethod" time="0.001"/>
  <system-out/>
</testsuite> <!-- testngexample.TestDetails1 -->
