<?xml version="1.0" encoding="UTF-8"?>
<!-- Generated by org.testng.reporters.JUnitReportReporter -->
<testsuite hostname="LAPTOP-TKAGNUNV" failures="0" tests="1" name="testngexample.TestDetails2" time="0.007" errors="0" timestamp="2022-09-28T10:56:13 IST" skipped="0">
  <testcase classname="testngexample.TestDetails2" name="testmethod" time="0.007"/>
  <system-out/>
</testsuite> <!-- testngexample.TestDetails2 -->
