<?xml version="1.0" encoding="UTF-8"?>
<!-- Generated by org.testng.reporters.JUnitReportReporter -->
<testsuite hostname="LAPTOP-TKAGNUNV" failures="0" tests="1" name="testngexample.SampleTest" time="0.006" errors="0" timestamp="2022-09-28T10:57:21 IST" skipped="0">
  <testcase classname="testngexample.SampleTest" name="testmethod" time="0.006"/>
  <system-out/>
</testsuite> <!-- testngexample.SampleTest -->
