<?xml version="1.0" encoding="UTF-8"?>
<!-- Generated by org.testng.reporters.JUnitReportReporter -->
<testsuite hostname="LAPTOP-TKAGNUNV" failures="0" tests="2" name="BasicAnnotationExamples.TestAnnotations" time="0.009" errors="0" timestamp="2022-09-28T11:45:27 IST" skipped="0">
  <testcase classname="BasicAnnotationExamples.TestAnnotations" name="Test1" time="0.007"/>
  <system-out/>
  <testcase classname="BasicAnnotationExamples.TestAnnotations" name="Test2" time="0.002"/>
  <system-out/>
</testsuite> <!-- BasicAnnotationExamples.TestAnnotations -->
