<?xml version="1.0" encoding="UTF-8"?>
<!-- Generated by org.testng.reporters.JUnitReportReporter -->
<testsuite hostname="LAPTOP-TKAGNUNV" failures="0" tests="1" name="BasicAnnotationExamples.TestAnnotationBeforeGroups" time="0.006" errors="0" timestamp="2022-09-28T11:57:49 IST" skipped="0">
  <testcase classname="BasicAnnotationExamples.TestAnnotationBeforeGroups" name="f" time="0.006"/>
  <system-out/>
</testsuite> <!-- BasicAnnotationExamples.TestAnnotationBeforeGroups -->
