<?xml version="1.0" encoding="UTF-8"?>
<!-- Generated by org.testng.reporters.JUnitReportReporter -->
<testsuite hostname="LAPTOP-TKAGNUNV" failures="0" tests="1" name="com.example.XpathExample" time="6.248" errors="0" timestamp="2022-09-27T16:20:38 IST" skipped="0">
  <testcase classname="com.example.XpathExample" name="f" time="6.248"/>
  <system-out/>
</testsuite> <!-- com.example.XpathExample -->
