<?xml version="1.0" encoding="UTF-8"?>
<!-- Generated by org.testng.reporters.JUnitReportReporter -->
<testsuite hostname="LAPTOP-TKAGNUNV" failures="0" tests="1" name="com.example.NewTest2" time="2.041" errors="0" timestamp="2022-09-27T10:21:18 IST" skipped="0">
  <testcase classname="com.example.NewTest2" name="f" time="2.041"/>
</testsuite> <!-- com.example.NewTest2 -->
